commit 9625d86251c10b222d4c67ac9dc07af35a7cf57f
Author: Unik-lif <songlinke18@mails.ucas.ac.cn>
Date:   Sun Sep 4 19:51:32 2022 -0700

    Added the git log to your lab00 folder

commit afde9d2d91f65209a7e65a566a9e5da471bc9f14
Author: Unik-lif <songlinke18@mails.ucas.ac.cn>
Date:   Sun Sep 4 19:51:27 2022 -0700

    Added the git log to your lab00 folder

commit e57fc8863dfd93d44bd5dd189bc3da86ea0dc4c8
Author: Unik-lif <songlinke18@mails.ucas.ac.cn>
Date:   Sun Sep 4 19:51:04 2022 -0700

    Added the git log to your lab00 folder

commit 6357e89461618d4ef6279cc5e7a0ca744d646156
Author: Unik-lif <songlinke18@mails.ucas.ac.cn>
Date:   Sun Sep 4 19:34:49 2022 -0700

    add Lab00

commit 3d98bec6710bb26270759837ea92cb102c393d3c
Author: Unik-lif <songlinke18@mails.ucas.ac.cn>
Date:   Sun Sep 4 18:54:30 2022 -0700

    first commit
